<?xml version="1.0" encoding="UTF-8"?>
<testsuite xmlns:xsi="http://www.w3.org/2001/XMLSchema-instance" xsi:schemaLocation="https://maven.apache.org/surefire/maven-surefire-plugin/xsd/surefire-test-report.xsd" name="main.DatabaseActionsTests" time="0.674" tests="11" errors="0" skipped="0" failures="0">
  <properties>
[...]
</properties>
  <testcase name="testHashRightLength" classname="main.DatabaseActionsTests" time="0.061"/>
  <testcase name="testCheckDateInvalidFormatAndPassword" classname="main.DatabaseActionsTests" time="0.004"/>
  <testcase name="testCheckDateInvalidPassword" classname="main.DatabaseActionsTests" time="0.01"/>
  <testcase name="testCustomerIsInserted" classname="main.DatabaseActionsTests" time="0.029"/>
  <testcase name="testCheckDateInvalidFormat" classname="main.DatabaseActionsTests" time="0.004"/>
  <testcase name="testCheckDataValid" classname="main.DatabaseActionsTests" time="0.006"/>
  <testcase name="testUpdateCustomer" classname="main.DatabaseActionsTests" time="0.007"/>
  <testcase name="testTableIsCreated" classname="main.DatabaseActionsTests" time="0.013"/>
  <testcase name="testEmptyFirstName" classname="main.DatabaseActionsTests" time="0.005"/>
  <testcase name="testCheckDateInvalid" classname="main.DatabaseActionsTests" time="0.006"/>
  <testcase name="testDeleteCustomer" classname="main.DatabaseActionsTests" time="0.005"/>
</testsuite>